<?xml version="1.0" encoding="UTF-8"?>
<!-- Generated by org.testng.reporters.JUnitReportReporter -->
<testsuite hostname="LAPTOP-SP4PVLF4" failures="0" tests="3" name="casestudy.casestudy" time="21.724" errors="0" timestamp="22 Oct 2022 11:59:38 GMT">
  <testcase classname="casestudy.casestudy" name="testcase2" time="0.598"/>
  <testcase classname="casestudy.casestudy" name="testcase3" time="17.302"/>
  <testcase classname="casestudy.casestudy" name="testcase1" time="3.824"/>
</testsuite> <!-- casestudy.casestudy -->
