<?xml version="1.0" encoding="UTF-8"?>
<!-- Generated by org.testng.reporters.JUnitReportReporter -->
<testsuite hostname="LAPTOP-SP4PVLF4" failures="0" tests="1" name="casestudy.wh1" time="44.072" errors="0" timestamp="27 Oct 2022 03:13:09 GMT">
  <testcase classname="casestudy.wh1" name="testcase1" time="44.072"/>
</testsuite> <!-- casestudy.wh1 -->
