<?xml version="1.0" encoding="UTF-8"?>
<!-- Generated by org.testng.reporters.JUnitReportReporter -->
<testsuite hostname="LAPTOP-SP4PVLF4" failures="0" tests="1" name="casestudy.wh2" time="37.702" errors="0" timestamp="27 Oct 2022 03:16:49 GMT">
  <testcase classname="casestudy.wh2" name="testcase1" time="37.702"/>
</testsuite> <!-- casestudy.wh2 -->
