<?xml version="1.0" encoding="UTF-8"?>
<!-- Generated by org.testng.reporters.JUnitReportReporter -->
<testsuite hostname="LAPTOP-SP4PVLF4" name="casestudy.casestudy" tests="3" failures="0" timestamp="20 Oct 2022 12:26:27 GMT" time="21.058" errors="0">
  <testcase name="testcase2" time="0.432" classname="casestudy.casestudy"/>
  <testcase name="testcase3" time="16.931" classname="casestudy.casestudy"/>
  <testcase name="testcase1" time="3.695" classname="casestudy.casestudy"/>
</testsuite> <!-- casestudy.casestudy -->
